2025-10-25 02:15:02-root-DEBUG-This is a debug messege
2025-10-25 02:15:02-root-INFO-This is a info messege
2025-10-25 02:15:02-root-WARNING-This is a warning messege
2025-10-25 02:15:02-root-ERROR-This is a error messege
2025-10-25 02:15:02-root-CRITICAL-This is a critical messege
2025-10-25 02:15:36-root-DEBUG-This is a debug messege
2025-10-25 02:15:36-root-INFO-This is a info messege
2025-10-25 02:15:36-root-WARNING-This is a warning messege
2025-10-25 02:15:36-root-ERROR-This is a error messege
2025-10-25 02:15:36-root-CRITICAL-This is a critical messege
2025-10-25 02:15:47-root-DEBUG-This is a debug messege
2025-10-25 02:15:47-root-INFO-This is a info messege
2025-10-25 02:15:47-root-WARNING-This is a warning messege
2025-10-25 02:15:47-root-ERROR-This is a error messege
2025-10-25 02:15:47-root-CRITICAL-This is a critical messege
2025-10-25 02:15:47-root-DEBUG-This is a debug messege
2025-10-25 02:15:47-root-INFO-This is a info messege
2025-10-25 02:15:47-root-WARNING-This is a warning messege
2025-10-25 02:15:47-root-ERROR-This is a error messege
2025-10-25 02:15:47-root-CRITICAL-This is a critical messege



